#
# There is insufficient memory for the Java Runtime Environment to continue.
# Native memory allocation (mmap) failed to map 155189248 bytes for G1 virtual space
# Possible reasons:
#   The system is out of physical RAM or swap space
#   The process is running with CompressedOops enabled, and the Java Heap may be blocking the growth of the native heap
# Possible solutions:
#   Reduce memory load on the system
#   Increase physical memory or swap space
#   Check if swap backing store is full
#   Decrease Java heap size (-Xmx/-Xms)
#   Decrease number of Java threads
#   Decrease Java thread stack sizes (-Xss)
#   Set larger code cache with -XX:ReservedCodeCacheSize=
#   JVM is running with Zero Based Compressed Oops mode in which the Java heap is
#     placed in the first 32GB address space. The Java Heap base address is the
#     maximum limit for the native heap growth. Please use -XX:HeapBaseMinAddress
#     to set the Java Heap base and to place the Java Heap above 32GB virtual address.
# This output file may be truncated or incomplete.
#
#  Out of Memory Error (os_windows.cpp:3550), pid=16256, tid=99016
#
# JRE version: Java(TM) SE Runtime Environment (17.0.8+9) (build 17.0.8+9-LTS-211)
# Java VM: Java HotSpot(TM) 64-Bit Server VM (17.0.8+9-LTS-211, mixed mode, emulated-client, sharing, tiered, compressed oops, compressed class ptrs, g1 gc, windows-amd64)
# No core dump will be written. Minidumps are not enabled by default on client versions of Windows
#

---------------  S U M M A R Y ------------

Command Line: -Dio.quarkus.force-color-support=true -Dquarkus-internal.serialized-app-model.path=D:\payhub-orchestrator_21Aug_2023_wf_MY2SG_UC2\target\quarkus\bootstrap\dev-app-model.dat -javaagent:D:\m3\io\quarkus\quarkus-class-change-agent\2.16.5.Final\quarkus-class-change-agent-2.16.5.Final.jar -XX:TieredStopAtLevel=1 -agentlib:jdwp=transport=dt_socket,address=localhost:5005,server=y,suspend=n -Djava.util.logging.manager=org.jboss.logmanager.LogManager D:\payhub-orchestrator_21Aug_2023_wf_MY2SG_UC2\target\payhub-orchestrator-dev.jar

Host: 11th Gen Intel(R) Core(TM) i5-1145G7 @ 2.60GHz, 8 cores, 31G,  Windows 10 , 64 bit Build 19041 (10.0.19041.3570)
Time: Fri Feb  2 04:32:41 2024 Malay Peninsula Standard Time elapsed time: 49474.868899 seconds (0d 13h 44m 34s)

---------------  T H R E A D  ---------------

Current thread (0x0000022dd5c7f720):  VMThread "VM Thread" [stack: 0x000000ed63700000,0x000000ed63800000] [id=99016]

Stack: [0x000000ed63700000,0x000000ed63800000]
Native frames: (J=compiled Java code, j=interpreted, Vv=VM code, C=native code)
V  [jvm.dll+0x677d0a]
V  [jvm.dll+0x7d8c54]
V  [jvm.dll+0x7da3fe]
V  [jvm.dll+0x7daa63]
V  [jvm.dll+0x245c5f]
V  [jvm.dll+0x674bb9]
V  [jvm.dll+0x6694f2]
V  [jvm.dll+0x3031d6]
V  [jvm.dll+0x30a756]
V  [jvm.dll+0x359f9e]
V  [jvm.dll+0x35a1cf]
V  [jvm.dll+0x2da3e8]
V  [jvm.dll+0x2dd486]
V  [jvm.dll+0x2e7c88]
V  [jvm.dll+0x31b6e0]
V  [jvm.dll+0x7df26b]
V  [jvm.dll+0x7dffa4]
V  [jvm.dll+0x7e04bd]
V  [jvm.dll+0x7e0894]
V  [jvm.dll+0x7e0960]
V  [jvm.dll+0x788bba]
V  [jvm.dll+0x676b35]
C  [ucrtbase.dll+0x21bb2]
C  [KERNEL32.DLL+0x17344]
C  [ntdll.dll+0x526b1]

VM_Operation (0x000000ed633ff360): G1Concurrent, mode: safepoint, requested by thread 0x0000022db58e0b40


---------------  P R O C E S S  ---------------

Threads class SMR info:
_java_thread_list=0x0000022e1ff0e970, length=39, elements={
0x0000022dd5c85130, 0x0000022dd5c85bf0, 0x0000022dd5c98b90, 0x0000022dd5c9b560,
0x0000022dd5c9de30, 0x0000022dd5c9e6f0, 0x0000022dd5ca0070, 0x0000022dd5ca32d0,
0x0000022dd62c0dd0, 0x0000022dd6937ba0, 0x0000022dd6939040, 0x0000022dd693d8c0,
0x0000022e1d750900, 0x0000022e1d95e020, 0x0000022e1d7bd610, 0x0000022e1d91ef50,
0x0000022e1e8b9980, 0x0000022e1e8b6e30, 0x0000022e1fb56260, 0x0000022e1fb50bc0,
0x0000022e1fb5d5e0, 0x0000022e1f876e50, 0x0000022e1f878190, 0x0000022e1f878660,
0x0000022e1f875fe0, 0x0000022e1f8794d0, 0x0000022e1fb51560, 0x0000022e1f8799a0,
0x0000022e1f877cc0, 0x0000022e1f876980, 0x0000022e1f878b30, 0x0000022e1f874ca0,
0x0000022e1f879e70, 0x0000022e1f875640, 0x0000022e20b79e60, 0x0000022e1fa0e780,
0x0000022e1ea23140, 0x0000022e1fa0aac0, 0x0000022e268635e0
}

Java Threads: ( => current thread )
  0x0000022dd5c85130 JavaThread "Reference Handler" daemon [_thread_blocked, id=98500, stack(0x000000ed63800000,0x000000ed63900000)]
  0x0000022dd5c85bf0 JavaThread "Finalizer" daemon [_thread_blocked, id=81512, stack(0x000000ed63900000,0x000000ed63a00000)]
  0x0000022dd5c98b90 JavaThread "Signal Dispatcher" daemon [_thread_blocked, id=91620, stack(0x000000ed63a00000,0x000000ed63b00000)]
  0x0000022dd5c9b560 JavaThread "Attach Listener" daemon [_thread_blocked, id=95688, stack(0x000000ed63b00000,0x000000ed63c00000)]
  0x0000022dd5c9de30 JavaThread "Service Thread" daemon [_thread_blocked, id=98640, stack(0x000000ed63c00000,0x000000ed63d00000)]
  0x0000022dd5c9e6f0 JavaThread "Monitor Deflation Thread" daemon [_thread_blocked, id=96968, stack(0x000000ed63d00000,0x000000ed63e00000)]
  0x0000022dd5ca0070 JavaThread "C1 CompilerThread0" daemon [_thread_blocked, id=91388, stack(0x000000ed63e00000,0x000000ed63f00000)]
  0x0000022dd5ca32d0 JavaThread "Sweeper thread" daemon [_thread_blocked, id=93116, stack(0x000000ed63f00000,0x000000ed64000000)]
  0x0000022dd62c0dd0 JavaThread "Common-Cleaner" daemon [_thread_blocked, id=88860, stack(0x000000ed64000000,0x000000ed64100000)]
  0x0000022dd6937ba0 JavaThread "JDWP Transport Listener: dt_socket" daemon [_thread_in_native, id=89060, stack(0x000000ed64400000,0x000000ed64500000)]
  0x0000022dd6939040 JavaThread "JDWP Event Helper Thread" daemon [_thread_blocked, id=99496, stack(0x000000ed64500000,0x000000ed64600000)]
  0x0000022dd693d8c0 JavaThread "Notification Thread" daemon [_thread_blocked, id=99096, stack(0x000000ed64600000,0x000000ed64700000)]
  0x0000022e1d750900 JavaThread "Quarkus Devmode keep alive thread" [_thread_blocked, id=89120, stack(0x000000ed65600000,0x000000ed65700000)]
  0x0000022e1d95e020 JavaThread "Timer-0" daemon [_thread_blocked, id=91188, stack(0x000000ed65700000,0x000000ed65800000)]
  0x0000022e1d7bd610 JavaThread "ForkJoinPool.commonPool-worker-1" daemon [_thread_blocked, id=99324, stack(0x000000ed65800000,0x000000ed65900000)]
  0x0000022e1d91ef50 JavaThread "ForkJoinPool.commonPool-worker-2" daemon [_thread_blocked, id=47264, stack(0x000000ed65900000,0x000000ed65a00000)]
  0x0000022e1e8b9980 JavaThread "WindowsStreamPump" daemon [_thread_in_native, id=92408, stack(0x000000ed6b000000,0x000000ed6b100000)]
  0x0000022e1e8b6e30 JavaThread "Aesh InputStream Reader" daemon [_thread_blocked, id=100324, stack(0x000000ed6b100000,0x000000ed6b200000)]
  0x0000022e1fb56260 JavaThread "vertx-blocked-thread-checker" daemon [_thread_blocked, id=79264, stack(0x000000ed64300000,0x000000ed64400000)]
  0x0000022e1fb50bc0 JavaThread "Thread-309" daemon [_thread_in_native, id=68096, stack(0x000000ed6b200000,0x000000ed6b300000)]
  0x0000022e1fb5d5e0 JavaThread "[DevConsole]vert.x-eventloop-thread-0" [_thread_in_native, id=71944, stack(0x000000ed79200000,0x000000ed79300000)]
  0x0000022e1f876e50 JavaThread "ForkJoinPool.commonPool-worker-3" daemon [_thread_blocked, id=98484, stack(0x000000ed65c00000,0x000000ed65d00000)]
  0x0000022e1f878190 JavaThread "ForkJoinPool.commonPool-worker-4" daemon [_thread_blocked, id=94376, stack(0x000000ed65d00000,0x000000ed65e00000)]
  0x0000022e1f878660 JavaThread "ForkJoinPool.commonPool-worker-5" daemon [_thread_blocked, id=94012, stack(0x000000ed65e00000,0x000000ed65f00000)]
  0x0000022e1f875fe0 JavaThread "ForkJoinPool.commonPool-worker-6" daemon [_thread_blocked, id=99224, stack(0x000000ed65f00000,0x000000ed66000000)]
  0x0000022e1f8794d0 JavaThread "ForkJoinPool.commonPool-worker-7" daemon [_thread_blocked, id=92052, stack(0x000000ed66000000,0x000000ed66100000)]
  0x0000022e1fb51560 JavaThread "vertx-blocked-thread-checker" daemon [_thread_blocked, id=86540, stack(0x000000ed67600000,0x000000ed67700000)]
  0x0000022e1f8799a0 JavaThread "vert.x-eventloop-thread-0" [_thread_in_native, id=92932, stack(0x000000ed69100000,0x000000ed69200000)]
  0x0000022e1f877cc0 JavaThread "vert.x-eventloop-thread-1" [_thread_in_native, id=99820, stack(0x000000ed69200000,0x000000ed69300000)]
  0x0000022e1f876980 JavaThread "vert.x-acceptor-thread-0" [_thread_in_native, id=94212, stack(0x000000ed69300000,0x000000ed69400000)]
  0x0000022e1f878b30 JavaThread "vert.x-eventloop-thread-2" [_thread_in_native, id=94836, stack(0x000000ed69400000,0x000000ed69500000)]
  0x0000022e1f874ca0 JavaThread "DestroyJavaVM" [_thread_blocked, id=94408, stack(0x000000ed63100000,0x000000ed63200000)]
  0x0000022e1f879e70 JavaThread "vert.x-worker-thread-0" [_thread_blocked, id=99452, stack(0x000000ed63000000,0x000000ed63100000)]
  0x0000022e1f875640 JavaThread "HttpClient-1-SelectorManager" daemon [_thread_blocked, id=50556, stack(0x000000ed69600000,0x000000ed69700000)]
  0x0000022e20b79e60 JavaThread "vert.x-worker-thread-1" [_thread_blocked, id=100136, stack(0x000000ed62e00000,0x000000ed62f00000)]
  0x0000022e1fa0e780 JavaThread "C1 CompilerThread1" daemon [_thread_blocked, id=111296, stack(0x000000ed62f00000,0x000000ed63000000)]
  0x0000022e1ea23140 JavaThread "C1 CompilerThread2" daemon [_thread_blocked, id=95576, stack(0x000000ed67d00000,0x000000ed67e00000)]
  0x0000022e1fa0aac0 JavaThread "C1 CompilerThread3" daemon [_thread_blocked, id=106148, stack(0x000000ed64100000,0x000000ed64200000)]
  0x0000022e268635e0 JavaThread "Quarkus Main Thread" daemon [_thread_blocked, id=99304, stack(0x000000ed64200000,0x000000ed64300000)]

Other Threads:
=>0x0000022dd5c7f720 VMThread "VM Thread" [stack: 0x000000ed63700000,0x000000ed63800000] [id=99016]
  0x0000022dd693eb90 WatcherThread [stack: 0x000000ed64700000,0x000000ed64800000] [id=98016]
  0x0000022db58cff60 GCTaskThread "GC Thread#0" [stack: 0x000000ed63200000,0x000000ed63300000] [id=96540]
  0x0000022dd6d044e0 GCTaskThread "GC Thread#1" [stack: 0x000000ed64800000,0x000000ed64900000] [id=94748]
  0x0000022dd6d04790 GCTaskThread "GC Thread#2" [stack: 0x000000ed64900000,0x000000ed64a00000] [id=63876]
  0x0000022dd6d04a40 GCTaskThread "GC Thread#3" [stack: 0x000000ed64a00000,0x000000ed64b00000] [id=96812]
  0x0000022dd6d04cf0 GCTaskThread "GC Thread#4" [stack: 0x000000ed64b00000,0x000000ed64c00000] [id=89284]
  0x0000022dd6c710c0 GCTaskThread "GC Thread#5" [stack: 0x000000ed64c00000,0x000000ed64d00000] [id=58632]
  0x0000022dd6c73380 GCTaskThread "GC Thread#6" [stack: 0x000000ed64d00000,0x000000ed64e00000] [id=99488]
  0x0000022dd6c73630 GCTaskThread "GC Thread#7" [stack: 0x000000ed64e00000,0x000000ed64f00000] [id=96928]
  0x0000022db58e0b40 ConcurrentGCThread "G1 Main Marker" [stack: 0x000000ed63300000,0x000000ed63400000] [id=98476]
  0x0000022db58e1c00 ConcurrentGCThread "G1 Conc#0" [stack: 0x000000ed63400000,0x000000ed63500000] [id=97744]
  0x0000022e1db5a610 ConcurrentGCThread "G1 Conc#1" [stack: 0x000000ed6af00000,0x000000ed6b000000] [id=99908]
  0x0000022dd5bbad60 ConcurrentGCThread "G1 Refine#0" [stack: 0x000000ed63500000,0x000000ed63600000] [id=95868]
  0x0000022dd6c86960 ConcurrentGCThread "G1 Refine#1" [stack: 0x000000ed64f00000,0x000000ed65000000] [id=97064]
  0x0000022dd6d03c10 ConcurrentGCThread "G1 Refine#2" [stack: 0x000000ed65000000,0x000000ed65100000] [id=100020]
  0x0000022e1cdf1120 ConcurrentGCThread "G1 Refine#3" [stack: 0x000000ed65100000,0x000000ed65200000] [id=92576]
  0x0000022e1cdf16c0 ConcurrentGCThread "G1 Refine#4" [stack: 0x000000ed65200000,0x000000ed65300000] [id=11832]
  0x0000022e1d722a40 ConcurrentGCThread "G1 Refine#5" [stack: 0x000000ed65300000,0x000000ed65400000] [id=81176]
  0x0000022e1d73c790 ConcurrentGCThread "G1 Refine#6" [stack: 0x000000ed65400000,0x000000ed65500000] [id=99384]
  0x0000022e1d73ca70 ConcurrentGCThread "G1 Refine#7" [stack: 0x000000ed65500000,0x000000ed65600000] [id=18212]
  0x0000022dd5bbb690 ConcurrentGCThread "G1 Service" [stack: 0x000000ed63600000,0x000000ed63700000] [id=35292]

Threads with active compile tasks:

VM state: at safepoint (normal execution)

VM Mutex/Monitor currently owned by a thread:  ([mutex/lock_event])
[0x0000022db581fd10] Threads_lock - owner thread: 0x0000022dd5c7f720
[0x0000022db5820580] Heap_lock - owner thread: 0x0000022db58e0b40

Heap address: 0x0000000604c00000, size: 8116 MB, Compressed Oops mode: Zero based, Oop shift amount: 3

CDS archive(s) mapped at: [0x0000022dd7000000-0x0000022dd7bd0000-0x0000022dd7bd0000), size 12386304, SharedBaseAddress: 0x0000022dd7000000, ArchiveRelocationMode: 1.
Compressed class space mapped at: 0x0000022dd8000000-0x0000022e18000000, reserved size: 1073741824
Narrow klass base: 0x0000022dd7000000, Narrow klass shift: 0, Narrow klass range: 0x100000000

GC Precious Log:
 CPUs: 8 total, 8 available
 Memory: 32448M
 Large Page Support: Disabled
 NUMA Support: Disabled
 Compressed Oops: Enabled (Zero based)
 Heap Region Size: 4M
 Heap Min Capacity: 8M
 Heap Initial Capacity: 508M
 Heap Max Capacity: 8116M
 Pre-touch: Disabled
 Parallel Workers: 8
 Concurrent Workers: 2
 Concurrent Refinement Workers: 8
 Periodic GC: Disabled

Heap:
 garbage-first heap   total 753664K, used 539584K [0x0000000604c00000, 0x0000000800000000)
  region size 4096K, 69 young (282624K), 10 survivors (40960K)
 Metaspace       used 145288K, committed 147648K, reserved 1179648K
  class space    used 19910K, committed 20736K, reserved 1048576K

Heap Regions: E=young(eden), S=young(survivor), O=old, HS=humongous(starts), HC=humongous(continues), CS=collection set, F=free, OA=open archive, CA=closed archive, TAMS=top-at-mark-start (previous, next)
|   0|0x0000000604c00000, 0x0000000605000000, 0x0000000605000000|100%| O|  |TAMS 0x0000000605000000, 0x0000000604c00000| Untracked 
|   1|0x0000000605000000, 0x0000000605400000, 0x0000000605400000|100%| O|  |TAMS 0x0000000605400000, 0x0000000605000000| Untracked 
|   2|0x0000000605400000, 0x0000000605800000, 0x0000000605800000|100%| O|  |TAMS 0x0000000605800000, 0x0000000605400000| Untracked 
|   3|0x0000000605800000, 0x0000000605c00000, 0x0000000605c00000|100%| O|  |TAMS 0x0000000605c00000, 0x0000000605800000| Untracked 
|   4|0x0000000605c00000, 0x0000000606000000, 0x0000000606000000|100%| O|  |TAMS 0x0000000606000000, 0x0000000605c00000| Untracked 
|   5|0x0000000606000000, 0x0000000606400000, 0x0000000606400000|100%| O|  |TAMS 0x0000000606400000, 0x0000000606000000| Untracked 
|   6|0x0000000606400000, 0x0000000606800000, 0x0000000606800000|100%| O|  |TAMS 0x0000000606800000, 0x0000000606400000| Updating 
|   7|0x0000000606800000, 0x0000000606c00000, 0x0000000606c00000|100%| O|  |TAMS 0x0000000606c00000, 0x0000000606800000| Untracked 
|   8|0x0000000606c00000, 0x0000000607000000, 0x0000000607000000|100%| O|  |TAMS 0x0000000607000000, 0x0000000606c00000| Updating 
|   9|0x0000000607000000, 0x0000000607400000, 0x0000000607400000|100%| O|  |TAMS 0x0000000607400000, 0x0000000607000000| Untracked 
|  10|0x0000000607400000, 0x0000000607800000, 0x0000000607800000|100%| O|  |TAMS 0x0000000607800000, 0x0000000607400000| Untracked 
|  11|0x0000000607800000, 0x0000000607c00000, 0x0000000607c00000|100%| O|  |TAMS 0x0000000607c00000, 0x0000000607800000| Untracked 
|  12|0x0000000607c00000, 0x0000000608000000, 0x0000000608000000|100%| O|  |TAMS 0x0000000608000000, 0x0000000607c00000| Untracked 
|  13|0x0000000608000000, 0x0000000608400000, 0x0000000608400000|100%| O|  |TAMS 0x0000000608400000, 0x0000000608000000| Updating 
|  14|0x0000000608400000, 0x0000000608800000, 0x0000000608800000|100%| O|  |TAMS 0x0000000608800000, 0x0000000608400000| Untracked 
|  15|0x0000000608800000, 0x0000000608c00000, 0x0000000608c00000|100%| O|  |TAMS 0x0000000608c00000, 0x0000000608800000| Untracked 
|  16|0x0000000608c00000, 0x0000000609000000, 0x0000000609000000|100%| O|  |TAMS 0x0000000609000000, 0x0000000608c00000| Untracked 
|  17|0x0000000609000000, 0x0000000609400000, 0x0000000609400000|100%| O|  |TAMS 0x0000000609400000, 0x0000000609000000| Updating 
|  18|0x0000000609400000, 0x0000000609800000, 0x0000000609800000|100%| O|  |TAMS 0x0000000609800000, 0x0000000609400000| Updating 
|  19|0x0000000609800000, 0x0000000609c00000, 0x0000000609c00000|100%| O|  |TAMS 0x0000000609c00000, 0x0000000609800000| Updating 
|  20|0x0000000609c00000, 0x000000060a000000, 0x000000060a000000|100%| O|  |TAMS 0x000000060a000000, 0x0000000609c00000| Updating 
|  21|0x000000060a000000, 0x000000060a400000, 0x000000060a400000|100%| O|  |TAMS 0x000000060a400000, 0x000000060a000000| Updating 
|  22|0x000000060a400000, 0x000000060a800000, 0x000000060a800000|100%| O|  |TAMS 0x000000060a800000, 0x000000060a400000| Updating 
|  23|0x000000060a800000, 0x000000060ac00000, 0x000000060ac00000|100%| O|  |TAMS 0x000000060ac00000, 0x000000060a800000| Untracked 
|  24|0x000000060ac00000, 0x000000060b000000, 0x000000060b000000|100%| O|  |TAMS 0x000000060b000000, 0x000000060ac00000| Updating 
|  25|0x000000060b000000, 0x000000060b400000, 0x000000060b400000|100%| O|  |TAMS 0x000000060b400000, 0x000000060b000000| Untracked 
|  26|0x000000060b400000, 0x000000060b800000, 0x000000060b800000|100%| O|  |TAMS 0x000000060b800000, 0x000000060b400000| Untracked 
|  27|0x000000060b800000, 0x000000060bc00000, 0x000000060bc00000|100%| O|  |TAMS 0x000000060bc00000, 0x000000060b800000| Untracked 
|  28|0x000000060bc00000, 0x000000060c000000, 0x000000060c000000|100%| O|  |TAMS 0x000000060c000000, 0x000000060bc00000| Updating 
|  29|0x000000060c000000, 0x000000060c400000, 0x000000060c400000|100%| O|  |TAMS 0x000000060c400000, 0x000000060c000000| Untracked 
|  30|0x000000060c400000, 0x000000060c800000, 0x000000060c800000|100%| O|  |TAMS 0x000000060c800000, 0x000000060c400000| Updating 
|  31|0x000000060c800000, 0x000000060cc00000, 0x000000060cc00000|100%| O|  |TAMS 0x000000060cc00000, 0x000000060c800000| Untracked 
|  32|0x000000060cc00000, 0x000000060d000000, 0x000000060d000000|100%| O|  |TAMS 0x000000060d000000, 0x000000060cc00000| Untracked 
|  33|0x000000060d000000, 0x000000060d400000, 0x000000060d400000|100%| O|  |TAMS 0x000000060d400000, 0x000000060d000000| Untracked 
|  34|0x000000060d400000, 0x000000060d800000, 0x000000060d800000|100%| O|  |TAMS 0x000000060d800000, 0x000000060d400000| Untracked 
|  35|0x000000060d800000, 0x000000060dc00000, 0x000000060dc00000|100%| O|  |TAMS 0x000000060dc00000, 0x000000060d800000| Updating 
|  36|0x000000060dc00000, 0x000000060e000000, 0x000000060e000000|100%| O|  |TAMS 0x000000060e000000, 0x000000060dc00000| Updating 
|  37|0x000000060e000000, 0x000000060e400000, 0x000000060e400000|100%| O|  |TAMS 0x000000060e400000, 0x000000060e000000| Untracked 
|  38|0x000000060e400000, 0x000000060e800000, 0x000000060e800000|100%| O|  |TAMS 0x000000060e800000, 0x000000060e400000| Untracked 
|  39|0x000000060e800000, 0x000000060ec00000, 0x000000060ec00000|100%| O|  |TAMS 0x000000060ec00000, 0x000000060e800000| Untracked 
|  40|0x000000060ec00000, 0x000000060f000000, 0x000000060f000000|100%| O|  |TAMS 0x000000060f000000, 0x000000060ec00000| Updating 
|  41|0x000000060f000000, 0x000000060f400000, 0x000000060f400000|100%| O|  |TAMS 0x000000060f400000, 0x000000060f000000| Untracked 
|  42|0x000000060f400000, 0x000000060f800000, 0x000000060f800000|100%| O|  |TAMS 0x000000060f800000, 0x000000060f400000| Untracked 
|  43|0x000000060f800000, 0x000000060fc00000, 0x000000060fc00000|100%| O|  |TAMS 0x000000060fc00000, 0x000000060f800000| Updating 
|  44|0x000000060fc00000, 0x0000000610000000, 0x0000000610000000|100%| O|  |TAMS 0x0000000610000000, 0x000000060fc00000| Updating 
|  45|0x0000000610000000, 0x0000000610400000, 0x0000000610400000|100%| O|  |TAMS 0x0000000610400000, 0x0000000610000000| Updating 
|  46|0x0000000610400000, 0x0000000610800000, 0x0000000610800000|100%| O|  |TAMS 0x0000000610800000, 0x0000000610400000| Untracked 
|  47|0x0000000610800000, 0x0000000610c00000, 0x0000000610c00000|100%| O|  |TAMS 0x0000000610c00000, 0x0000000610800000| Untracked 
|  48|0x0000000610c00000, 0x0000000611000000, 0x0000000611000000|100%| O|  |TAMS 0x0000000611000000, 0x0000000610c00000| Updating 
|  49|0x0000000611000000, 0x0000000611400000, 0x0000000611400000|100%| O|  |TAMS 0x0000000611400000, 0x0000000611000000| Updating 
|  50|0x0000000611400000, 0x0000000611800000, 0x0000000611800000|100%| O|  |TAMS 0x0000000611800000, 0x0000000611400000| Updating 
|  51|0x0000000611800000, 0x0000000611c00000, 0x0000000611c00000|100%| O|  |TAMS 0x0000000611c00000, 0x0000000611800000| Updating 
|  52|0x0000000611c00000, 0x0000000612000000, 0x0000000612000000|100%| O|  |TAMS 0x0000000612000000, 0x0000000611c00000| Updating 
|  53|0x0000000612000000, 0x0000000612400000, 0x0000000612400000|100%| O|  |TAMS 0x0000000612400000, 0x0000000612000000| Updating 
|  54|0x0000000612400000, 0x0000000612800000, 0x0000000612800000|100%| O|  |TAMS 0x0000000612800000, 0x0000000612400000| Untracked 
|  55|0x0000000612800000, 0x0000000612c00000, 0x0000000612c00000|100%| O|  |TAMS 0x0000000612c00000, 0x0000000612800000| Untracked 
|  56|0x0000000612c00000, 0x0000000613000000, 0x0000000613000000|100%| O|  |TAMS 0x0000000613000000, 0x0000000612c00000| Untracked 
|  57|0x0000000613000000, 0x0000000613400000, 0x0000000613400000|100%| O|  |TAMS 0x0000000613400000, 0x0000000613000000| Untracked 
|  58|0x0000000613400000, 0x0000000613800000, 0x0000000613800000|100%| O|  |TAMS 0x0000000613800000, 0x0000000613400000| Untracked 
|  59|0x0000000613800000, 0x0000000613c00000, 0x0000000613c00000|100%| O|  |TAMS 0x0000000613c00000, 0x0000000613800000| Untracked 
|  60|0x0000000613c00000, 0x0000000614000000, 0x0000000614000000|100%| O|  |TAMS 0x0000000614000000, 0x0000000613c00000| Untracked 
|  61|0x0000000614000000, 0x0000000614400000, 0x0000000614400000|100%| O|  |TAMS 0x0000000614400000, 0x0000000614000000| Untracked 
|  62|0x0000000614400000, 0x0000000614800000, 0x0000000614800000|100%| O|  |TAMS 0x0000000614800000, 0x0000000614400000| Untracked 
|  63|0x0000000614800000, 0x0000000614c00000, 0x0000000614c00000|100%| O|  |TAMS 0x0000000614c00000, 0x0000000614800000| Untracked 
|  64|0x0000000614c00000, 0x0000000614ef0200, 0x0000000615000000| 73%| O|  |TAMS 0x0000000614ef0200, 0x0000000614c00000| Updating 
|  65|0x0000000615000000, 0x0000000615000000, 0x0000000615400000|  0%| F|  |TAMS 0x0000000615000000, 0x0000000615000000| Untracked 
|  66|0x0000000615400000, 0x0000000615400000, 0x0000000615800000|  0%| F|  |TAMS 0x0000000615400000, 0x0000000615400000| Untracked 
|  67|0x0000000615800000, 0x0000000615800000, 0x0000000615c00000|  0%| F|  |TAMS 0x0000000615800000, 0x0000000615800000| Untracked 
|  68|0x0000000615c00000, 0x0000000615c00000, 0x0000000616000000|  0%| F|  |TAMS 0x0000000615c00000, 0x0000000615c00000| Untracked 
|  69|0x0000000616000000, 0x0000000616000000, 0x0000000616400000|  0%| F|  |TAMS 0x0000000616000000, 0x0000000616000000| Untracked 
|  70|0x0000000616400000, 0x0000000616400000, 0x0000000616800000|  0%| F|  |TAMS 0x0000000616400000, 0x0000000616400000| Untracked 
|  71|0x0000000616800000, 0x0000000616800000, 0x0000000616c00000|  0%| F|  |TAMS 0x0000000616800000, 0x0000000616800000| Untracked 
|  72|0x0000000616c00000, 0x0000000616c00000, 0x0000000617000000|  0%| F|  |TAMS 0x0000000616c00000, 0x0000000616c00000| Untracked 
|  73|0x0000000617000000, 0x0000000617000000, 0x0000000617400000|  0%| F|  |TAMS 0x0000000617000000, 0x0000000617000000| Untracked 
|  74|0x0000000617400000, 0x0000000617400000, 0x0000000617800000|  0%| F|  |TAMS 0x0000000617400000, 0x0000000617400000| Untracked 
|  75|0x0000000617800000, 0x0000000617800000, 0x0000000617c00000|  0%| F|  |TAMS 0x0000000617800000, 0x0000000617800000| Untracked 
|  76|0x0000000617c00000, 0x0000000617c00000, 0x0000000618000000|  0%| F|  |TAMS 0x0000000617c00000, 0x0000000617c00000| Untracked 
|  77|0x0000000618000000, 0x0000000618000000, 0x0000000618400000|  0%| F|  |TAMS 0x0000000618000000, 0x0000000618000000| Untracked 
|  78|0x0000000618400000, 0x0000000618400000, 0x0000000618800000|  0%| F|  |TAMS 0x0000000618400000, 0x0000000618400000| Untracked 
|  79|0x0000000618800000, 0x0000000618800000, 0x0000000618c00000|  0%| F|  |TAMS 0x0000000618800000, 0x0000000618800000| Untracked 
|  80|0x0000000618c00000, 0x0000000618c00000, 0x0000000619000000|  0%| F|  |TAMS 0x0000000618c00000, 0x0000000618c00000| Untracked 
|  81|0x0000000619000000, 0x0000000619000000, 0x0000000619400000|  0%| F|  |TAMS 0x0000000619000000, 0x0000000619000000| Untracked 
|  82|0x0000000619400000, 0x0000000619400000, 0x0000000619800000|  0%| F|  |TAMS 0x0000000619400000, 0x0000000619400000| Untracked 
|  83|0x0000000619800000, 0x0000000619800000, 0x0000000619c00000|  0%| F|  |TAMS 0x0000000619800000, 0x0000000619800000| Untracked 
|  84|0x0000000619c00000, 0x000000061a000000, 0x000000061a000000|100%| S|CS|TAMS 0x0000000619c00000, 0x0000000619c00000| Complete 
|  85|0x000000061a000000, 0x000000061a400000, 0x000000061a400000|100%| S|CS|TAMS 0x000000061a000000, 0x000000061a000000| Complete 
|  86|0x000000061a400000, 0x000000061a800000, 0x000000061a800000|100%| S|CS|TAMS 0x000000061a400000, 0x000000061a400000| Complete 
|  87|0x000000061a800000, 0x000000061ac00000, 0x000000061ac00000|100%| S|CS|TAMS 0x000000061a800000, 0x000000061a800000| Complete 
|  88|0x000000061ac00000, 0x000000061b000000, 0x000000061b000000|100%| S|CS|TAMS 0x000000061ac00000, 0x000000061ac00000| Complete 
|  89|0x000000061b000000, 0x000000061b000000, 0x000000061b400000|  0%| F|  |TAMS 0x000000061b000000, 0x000000061b000000| Untracked 
|  90|0x000000061b400000, 0x000000061b400000, 0x000000061b800000|  0%| F|  |TAMS 0x000000061b400000, 0x000000061b400000| Untracked 
|  91|0x000000061b800000, 0x000000061b800000, 0x000000061bc00000|  0%| F|  |TAMS 0x000000061b800000, 0x000000061b800000| Untracked 
|  92|0x000000061bc00000, 0x000000061bc00000, 0x000000061c000000|  0%| F|  |TAMS 0x000000061bc00000, 0x000000061bc00000| Untracked 
|  93|0x000000061c000000, 0x000000061c000000, 0x000000061c400000|  0%| F|  |TAMS 0x000000061c000000, 0x000000061c000000| Untracked 
|  94|0x000000061c400000, 0x000000061c400000, 0x000000061c800000|  0%| F|  |TAMS 0x000000061c400000, 0x000000061c400000| Untracked 
|  95|0x000000061c800000, 0x000000061cc00000, 0x000000061cc00000|100%| S|CS|TAMS 0x000000061c800000, 0x000000061c800000| Complete 
|  96|0x000000061cc00000, 0x000000061d000000, 0x000000061d000000|100%| S|CS|TAMS 0x000000061cc00000, 0x000000061cc00000| Complete 
|  97|0x000000061d000000, 0x000000061d400000, 0x000000061d400000|100%| S|CS|TAMS 0x000000061d000000, 0x000000061d000000| Complete 
|  98|0x000000061d400000, 0x000000061d800000, 0x000000061d800000|100%| S|CS|TAMS 0x000000061d400000, 0x000000061d400000| Complete 
|  99|0x000000061d800000, 0x000000061dc00000, 0x000000061dc00000|100%| S|CS|TAMS 0x000000061d800000, 0x000000061d800000| Complete 
| 100|0x000000061dc00000, 0x000000061dc00000, 0x000000061e000000|  0%| F|  |TAMS 0x000000061dc00000, 0x000000061dc00000| Untracked 
| 101|0x000000061e000000, 0x000000061e000000, 0x000000061e400000|  0%| F|  |TAMS 0x000000061e000000, 0x000000061e000000| Untracked 
| 102|0x000000061e400000, 0x000000061e400000, 0x000000061e800000|  0%| F|  |TAMS 0x000000061e400000, 0x000000061e400000| Untracked 
| 103|0x000000061e800000, 0x000000061e800000, 0x000000061ec00000|  0%| F|  |TAMS 0x000000061e800000, 0x000000061e800000| Untracked 
| 104|0x000000061ec00000, 0x000000061ec00000, 0x000000061f000000|  0%| F|  |TAMS 0x000000061ec00000, 0x000000061ec00000| Untracked 
| 105|0x000000061f000000, 0x000000061f000000, 0x000000061f400000|  0%| F|  |TAMS 0x000000061f000000, 0x000000061f000000| Untracked 
| 106|0x000000061f400000, 0x000000061f400000, 0x000000061f800000|  0%| F|  |TAMS 0x000000061f400000, 0x000000061f400000| Untracked 
| 107|0x000000061f800000, 0x000000061f800000, 0x000000061fc00000|  0%| F|  |TAMS 0x000000061f800000, 0x000000061f800000| Untracked 
| 108|0x000000061fc00000, 0x000000061fc00000, 0x0000000620000000|  0%| F|  |TAMS 0x000000061fc00000, 0x000000061fc00000| Untracked 
| 109|0x0000000620000000, 0x0000000620000000, 0x0000000620400000|  0%| F|  |TAMS 0x0000000620000000, 0x0000000620000000| Untracked 
| 110|0x0000000620400000, 0x0000000620400000, 0x0000000620800000|  0%| F|  |TAMS 0x0000000620400000, 0x0000000620400000| Untracked 
| 111|0x0000000620800000, 0x0000000620800000, 0x0000000620c00000|  0%| F|  |TAMS 0x0000000620800000, 0x0000000620800000| Untracked 
| 112|0x0000000620c00000, 0x0000000620c00000, 0x0000000621000000|  0%| F|  |TAMS 0x0000000620c00000, 0x0000000620c00000| Untracked 
| 113|0x0000000621000000, 0x0000000621000000, 0x0000000621400000|  0%| F|  |TAMS 0x0000000621000000, 0x0000000621000000| Untracked 
| 114|0x0000000621400000, 0x0000000621400000, 0x0000000621800000|  0%| F|  |TAMS 0x0000000621400000, 0x0000000621400000| Untracked 
| 115|0x0000000621800000, 0x0000000621800000, 0x0000000621c00000|  0%| F|  |TAMS 0x0000000621800000, 0x0000000621800000| Untracked 
| 116|0x0000000621c00000, 0x0000000621c00000, 0x0000000622000000|  0%| F|  |TAMS 0x0000000621c00000, 0x0000000621c00000| Untracked 
| 117|0x0000000622000000, 0x0000000622000000, 0x0000000622400000|  0%| F|  |TAMS 0x0000000622000000, 0x0000000622000000| Untracked 
| 118|0x0000000622400000, 0x0000000622400000, 0x0000000622800000|  0%| F|  |TAMS 0x0000000622400000, 0x0000000622400000| Untracked 
| 119|0x0000000622800000, 0x0000000622800000, 0x0000000622c00000|  0%| F|  |TAMS 0x0000000622800000, 0x0000000622800000| Untracked 
| 120|0x0000000622c00000, 0x0000000622c00000, 0x0000000623000000|  0%| F|  |TAMS 0x0000000622c00000, 0x0000000622c00000| Untracked 
| 121|0x0000000623000000, 0x0000000623000000, 0x0000000623400000|  0%| F|  |TAMS 0x0000000623000000, 0x0000000623000000| Untracked 
| 122|0x0000000623400000, 0x0000000623400000, 0x0000000623800000|  0%| F|  |TAMS 0x0000000623400000, 0x0000000623400000| Untracked 
| 123|0x0000000623800000, 0x0000000623800000, 0x0000000623c00000|  0%| F|  |TAMS 0x0000000623800000, 0x0000000623800000| Untracked 
| 124|0x0000000623c00000, 0x0000000623c00000, 0x0000000624000000|  0%| F|  |TAMS 0x0000000623c00000, 0x0000000623c00000| Untracked 
| 125|0x0000000624000000, 0x0000000624306938, 0x0000000624400000| 75%| E|  |TAMS 0x0000000624000000, 0x0000000624000000| Complete 
| 126|0x0000000624400000, 0x0000000624800000, 0x0000000624800000|100%| E|CS|TAMS 0x0000000624400000, 0x0000000624400000| Complete 
| 127|0x0000000624800000, 0x0000000624c00000, 0x0000000624c00000|100%| E|CS|TAMS 0x0000000624800000, 0x0000000624800000| Complete 
| 128|0x0000000624c00000, 0x0000000625000000, 0x0000000625000000|100%| E|CS|TAMS 0x0000000624c00000, 0x0000000624c00000| Complete 
| 129|0x0000000625000000, 0x0000000625400000, 0x0000000625400000|100%| E|CS|TAMS 0x0000000625000000, 0x0000000625000000| Complete 
| 130|0x0000000625400000, 0x0000000625800000, 0x0000000625800000|100%| E|CS|TAMS 0x0000000625400000, 0x0000000625400000| Complete 
| 131|0x0000000625800000, 0x0000000625c00000, 0x0000000625c00000|100%| E|CS|TAMS 0x0000000625800000, 0x0000000625800000| Complete 
| 132|0x0000000625c00000, 0x0000000626000000, 0x0000000626000000|100%| E|CS|TAMS 0x0000000625c00000, 0x0000000625c00000| Complete 
| 133|0x0000000626000000, 0x0000000626400000, 0x0000000626400000|100%| E|CS|TAMS 0x0000000626000000, 0x0000000626000000| Complete 
| 134|0x0000000626400000, 0x0000000626800000, 0x0000000626800000|100%| E|CS|TAMS 0x0000000626400000, 0x0000000626400000| Complete 
| 135|0x0000000626800000, 0x0000000626c00000, 0x0000000626c00000|100%| E|CS|TAMS 0x0000000626800000, 0x0000000626800000| Complete 
| 136|0x0000000626c00000, 0x0000000627000000, 0x0000000627000000|100%| E|CS|TAMS 0x0000000626c00000, 0x0000000626c00000| Complete 
| 137|0x0000000627000000, 0x0000000627400000, 0x0000000627400000|100%| E|CS|TAMS 0x0000000627000000, 0x0000000627000000| Complete 
| 138|0x0000000627400000, 0x0000000627800000, 0x0000000627800000|100%| E|CS|TAMS 0x0000000627400000, 0x0000000627400000| Complete 
| 139|0x0000000627800000, 0x0000000627c00000, 0x0000000627c00000|100%| E|CS|TAMS 0x0000000627800000, 0x0000000627800000| Complete 
| 140|0x0000000627c00000, 0x0000000628000000, 0x0000000628000000|100%| E|CS|TAMS 0x0000000627c00000, 0x0000000627c00000| Complete 
| 141|0x0000000628000000, 0x0000000628400000, 0x0000000628400000|100%| E|CS|TAMS 0x0000000628000000, 0x0000000628000000| Complete 
| 142|0x0000000628400000, 0x0000000628800000, 0x0000000628800000|100%| E|CS|TAMS 0x0000000628400000, 0x0000000628400000| Complete 
| 143|0x0000000628800000, 0x0000000628c00000, 0x0000000628c00000|100%| E|CS|TAMS 0x0000000628800000, 0x0000000628800000| Complete 
| 144|0x0000000628c00000, 0x0000000629000000, 0x0000000629000000|100%| E|CS|TAMS 0x0000000628c00000, 0x0000000628c00000| Complete 
| 145|0x0000000629000000, 0x0000000629400000, 0x0000000629400000|100%| E|CS|TAMS 0x0000000629000000, 0x0000000629000000| Complete 
| 146|0x0000000629400000, 0x0000000629800000, 0x0000000629800000|100%| E|CS|TAMS 0x0000000629400000, 0x0000000629400000| Complete 
| 147|0x0000000629800000, 0x0000000629c00000, 0x0000000629c00000|100%| E|CS|TAMS 0x0000000629800000, 0x0000000629800000| Complete 
| 148|0x0000000629c00000, 0x000000062a000000, 0x000000062a000000|100%| E|CS|TAMS 0x0000000629c00000, 0x0000000629c00000| Complete 
| 149|0x000000062a000000, 0x000000062a400000, 0x000000062a400000|100%| E|CS|TAMS 0x000000062a000000, 0x000000062a000000| Complete 
| 150|0x000000062a400000, 0x000000062a800000, 0x000000062a800000|100%| E|CS|TAMS 0x000000062a400000, 0x000000062a400000| Complete 
| 151|0x000000062a800000, 0x000000062ac00000, 0x000000062ac00000|100%| E|CS|TAMS 0x000000062a800000, 0x000000062a800000| Complete 
| 152|0x000000062ac00000, 0x000000062b000000, 0x000000062b000000|100%| E|CS|TAMS 0x000000062ac00000, 0x000000062ac00000| Complete 
| 153|0x000000062b000000, 0x000000062b400000, 0x000000062b400000|100%| E|CS|TAMS 0x000000062b000000, 0x000000062b000000| Complete 
| 154|0x000000062b400000, 0x000000062b800000, 0x000000062b800000|100%| E|CS|TAMS 0x000000062b400000, 0x000000062b400000| Complete 
| 155|0x000000062b800000, 0x000000062bc00000, 0x000000062bc00000|100%| E|CS|TAMS 0x000000062b800000, 0x000000062b800000| Complete 
| 156|0x000000062bc00000, 0x000000062c000000, 0x000000062c000000|100%| E|CS|TAMS 0x000000062bc00000, 0x000000062bc00000| Complete 
| 157|0x000000062c000000, 0x000000062c400000, 0x000000062c400000|100%| E|CS|TAMS 0x000000062c000000, 0x000000062c000000| Complete 
| 158|0x000000062c400000, 0x000000062c800000, 0x000000062c800000|100%| E|CS|TAMS 0x000000062c400000, 0x000000062c400000| Complete 
| 159|0x000000062c800000, 0x000000062cc00000, 0x000000062cc00000|100%| E|CS|TAMS 0x000000062c800000, 0x000000062c800000| Complete 
| 160|0x000000062cc00000, 0x000000062d000000, 0x000000062d000000|100%| E|CS|TAMS 0x000000062cc00000, 0x000000062cc00000| Complete 
| 161|0x000000062d000000, 0x000000062d400000, 0x000000062d400000|100%| E|CS|TAMS 0x000000062d000000, 0x000000062d000000| Complete 
| 162|0x000000062d400000, 0x000000062d800000, 0x000000062d800000|100%| E|CS|TAMS 0x000000062d400000, 0x000000062d400000| Complete 
| 163|0x000000062d800000, 0x000000062dc00000, 0x000000062dc00000|100%| E|CS|TAMS 0x000000062d800000, 0x000000062d800000| Complete 
| 164|0x000000062dc00000, 0x000000062e000000, 0x000000062e000000|100%| E|CS|TAMS 0x000000062dc00000, 0x000000062dc00000| Complete 
| 165|0x000000062e000000, 0x000000062e400000, 0x000000062e400000|100%| E|CS|TAMS 0x000000062e000000, 0x000000062e000000| Complete 
| 166|0x000000062e400000, 0x000000062e800000, 0x000000062e800000|100%| E|CS|TAMS 0x000000062e400000, 0x000000062e400000| Complete 
| 167|0x000000062e800000, 0x000000062ec00000, 0x000000062ec00000|100%| E|CS|TAMS 0x000000062e800000, 0x000000062e800000| Complete 
| 168|0x000000062ec00000, 0x000000062f000000, 0x000000062f000000|100%| E|CS|TAMS 0x000000062ec00000, 0x000000062ec00000| Complete 
| 169|0x000000062f000000, 0x000000062f400000, 0x000000062f400000|100%| E|CS|TAMS 0x000000062f000000, 0x000000062f000000| Complete 
| 170|0x000000062f400000, 0x000000062f800000, 0x000000062f800000|100%| E|  |TAMS 0x000000062f400000, 0x000000062f400000| Complete 
| 171|0x000000062f800000, 0x000000062fc00000, 0x000000062fc00000|100%| E|CS|TAMS 0x000000062f800000, 0x000000062f800000| Complete 
| 172|0x000000062fc00000, 0x0000000630000000, 0x0000000630000000|100%| E|CS|TAMS 0x000000062fc00000, 0x000000062fc00000| Complete 
| 173|0x0000000630000000, 0x0000000630400000, 0x0000000630400000|100%| E|CS|TAMS 0x0000000630000000, 0x0000000630000000| Complete 
| 174|0x0000000630400000, 0x0000000630800000, 0x0000000630800000|100%| E|CS|TAMS 0x0000000630400000, 0x0000000630400000| Complete 
| 175|0x0000000630800000, 0x0000000630c00000, 0x0000000630c00000|100%| E|CS|TAMS 0x0000000630800000, 0x0000000630800000| Complete 
| 176|0x0000000630c00000, 0x0000000631000000, 0x0000000631000000|100%| E|CS|TAMS 0x0000000630c00000, 0x0000000630c00000| Complete 
| 177|0x0000000631000000, 0x0000000631400000, 0x0000000631400000|100%| E|CS|TAMS 0x0000000631000000, 0x0000000631000000| Complete 
| 178|0x0000000631400000, 0x0000000631800000, 0x0000000631800000|100%| E|CS|TAMS 0x0000000631400000, 0x0000000631400000| Complete 
| 179|0x0000000631800000, 0x0000000631c00000, 0x0000000631c00000|100%| E|CS|TAMS 0x0000000631800000, 0x0000000631800000| Complete 
| 217|0x000000063b000000, 0x000000063b400000, 0x000000063b400000|100%| E|CS|TAMS 0x000000063b000000, 0x000000063b000000| Complete 
| 218|0x000000063b400000, 0x000000063b800000, 0x000000063b800000|100%| E|CS|TAMS 0x000000063b400000, 0x000000063b400000| Complete 
| 219|0x000000063b800000, 0x000000063bc00000, 0x000000063bc00000|100%| E|CS|TAMS 0x000000063b800000, 0x000000063b800000| Complete 
| 239|0x0000000640800000, 0x0000000640c00000, 0x0000000640c00000|100%| E|CS|TAMS 0x0000000640800000, 0x0000000640800000| Complete 

Card table byte_map: [0x0000022dc19d0000,0x0000022dc29b0000] _byte_map_base: 0x0000022dbe9aa000

Marking Bits (Prev, Next): (CMBitMap*) 0x0000022db58d04c0, (CMBitMap*) 0x0000022db58d0480
 Prev Bits: [0x0000022dcb860000, 0x0000022dd3730000)
 Next Bits: [0x0000022dc3990000, 0x0000022dcb860000)

Polling page: 0x0000022db57a0000

Metaspace:

Usage:
  Non-class:    122.44 MB used.
      Class:     19.44 MB used.
       Both:    141.88 MB used.

Virtual space:
  Non-class space:      128.00 MB reserved,     123.94 MB ( 97%) committed,  2 nodes.
      Class space:        1.00 GB reserved,      20.25 MB (  2%) committed,  1 nodes.
             Both:        1.12 GB reserved,     144.19 MB ( 13%) committed. 

Chunk freelists:
   Non-Class:  4.75 MB
       Class:  12.12 MB
        Both:  16.87 MB

MaxMetaspaceSize: unlimited
CompressedClassSpaceSize: 1.00 GB
Initial GC threshold: 21.00 MB
Current GC threshold: 226.56 MB
CDS: on
MetaspaceReclaimPolicy: balanced
 - commit_granule_bytes: 65536.
 - commit_granule_words: 8192.
 - virtual_space_node_default_size: 8388608.
 - enlarge_chunks_in_place: 1.
 - new_chunks_are_fully_committed: 0.
 - uncommit_free_chunks: 1.
 - use_allocation_guard: 0.
 - handle_deallocations: 1.


Internal statistics:

num_allocs_failed_limit: 117.
num_arena_births: 4842.
num_arena_deaths: 3322.
num_vsnodes_births: 3.
num_vsnodes_deaths: 0.
num_space_committed: 2321.
num_space_uncommitted: 17.
num_chunks_returned_to_freelist: 4361.
num_chunks_taken_from_freelist: 12045.
num_chunk_merges: 1739.
num_chunk_splits: 7483.
num_chunks_enlarged: 4444.
num_purges: 18.
num_inconsistent_stats: 0.

CodeCache: size=49152Kb used=22082Kb max_used=46596Kb free=27069Kb
 bounds [0x0000022dbd110000, 0x0000022dbfea0000, 0x0000022dc0110000]
 total_blobs=10648 nmethods=9727 adapters=843
 compilation: enabled
              stopped_count=0, restarted_count=0
 full_count=0

Compilation events (20 events):
Event: 49474.661 Thread 0x0000022e1ea23140 34132   !   1       java.security.Provider::putService (256 bytes)
Event: 49474.661 Thread 0x0000022e1fa0aac0 34130       1       java.security.Provider$Service::<init> (200 bytes)
Event: 49474.662 Thread 0x0000022dd5ca0070 nmethod 34129 0x0000022dbedd2110 code [0x0000022dbedd22e0, 0x0000022dbedd25e8]
Event: 49474.662 Thread 0x0000022dd5ca0070 34131       1       java.security.Provider::getEngineName (49 bytes)
Event: 49474.662 Thread 0x0000022dd5ca0070 nmethod 34131 0x0000022dbedd1a90 code [0x0000022dbedd1c60, 0x0000022dbedd1f18]
Event: 49474.662 Thread 0x0000022e1fa0aac0 nmethod 34130 0x0000022dbedd0790 code [0x0000022dbedd0a40, 0x0000022dbedd15e8]
Event: 49474.662 Thread 0x0000022dd5ca0070 34133       1       java.security.Provider::check (18 bytes)
Event: 49474.662 Thread 0x0000022e1fa0aac0 34134   !   1       java.security.Provider::implRemoveService (180 bytes)
Event: 49474.662 Thread 0x0000022dd5ca0070 nmethod 34133 0x0000022dbedd0090 code [0x0000022dbedd0260, 0x0000022dbedd0548]
Event: 49474.662 Thread 0x0000022dd5ca0070 34136       1       java.security.Provider$Service::getClassName (5 bytes)
Event: 49474.662 Thread 0x0000022dd5ca0070 nmethod 34136 0x0000022dbedcfd90 code [0x0000022dbedcff20, 0x0000022dbedd0018]
Event: 49474.662 Thread 0x0000022dd5ca0070 34137       1       java.security.Provider::checkInitialized (16 bytes)
Event: 49474.662 Thread 0x0000022e1fa0aac0 nmethod 34134 0x0000022dbedcf010 code [0x0000022dbedcf280, 0x0000022dbedcf938]
Event: 49474.662 Thread 0x0000022e1fa0e780 nmethod 34135 0x0000022dbedcd190 code [0x0000022dbedcd540, 0x0000022dbedce598]
Event: 49474.662 Thread 0x0000022e1fa0aac0 34138       1       java.net.URLStreamHandler::toExternalForm (156 bytes)
Event: 49474.662 Thread 0x0000022dd5ca0070 nmethod 34137 0x0000022dbedccd90 code [0x0000022dbedccf40, 0x0000022dbedcd0c8]
Event: 49474.663 Thread 0x0000022e1ea23140 nmethod 34132 0x0000022dbedcb690 code [0x0000022dbedcb9a0, 0x0000022dbedcc5f8]
Event: 49474.663 Thread 0x0000022e1fa0aac0 nmethod 34138 0x0000022dbedca110 code [0x0000022dbedca400, 0x0000022dbedcb038]
Event: 49474.664 Thread 0x0000022e1fa0aac0 34139       1       io.quarkus.runtime.StartupContext::setCurrentBuildStepName (6 bytes)
Event: 49474.665 Thread 0x0000022e1fa0aac0 nmethod 34139 0x0000022dbedc9e10 code [0x0000022dbedc9fa0, 0x0000022dbedca0b8]

GC Heap History (20 events):
Event: 49316.135 GC heap before
{Heap before GC invocations=797 (full 0):
 garbage-first heap   total 753664K, used 664145K [0x0000000604c00000, 0x0000000800000000)
  region size 4096K, 109 young (446464K), 1 survivors (4096K)
 Metaspace       used 136191K, committed 139328K, reserved 1179648K
  class space    used 18704K, committed 19968K, reserved 1048576K
}
Event: 49316.137 GC heap after
{Heap after GC invocations=798 (full 0):
 garbage-first heap   total 753664K, used 221692K [0x0000000604c00000, 0x0000000800000000)
  region size 4096K, 1 young (4096K), 1 survivors (4096K)
 Metaspace       used 136191K, committed 139328K, reserved 1179648K
  class space    used 18704K, committed 19968K, reserved 1048576K
}
Event: 49324.513 GC heap before
{Heap before GC invocations=798 (full 0):
 garbage-first heap   total 753664K, used 659964K [0x0000000604c00000, 0x0000000800000000)
  region size 4096K, 109 young (446464K), 1 survivors (4096K)
 Metaspace       used 136191K, committed 139328K, reserved 1179648K
  class space    used 18704K, committed 19968K, reserved 1048576K
}
Event: 49324.514 GC heap after
{Heap after GC invocations=799 (full 0):
 garbage-first heap   total 753664K, used 221448K [0x0000000604c00000, 0x0000000800000000)
  region size 4096K, 1 young (4096K), 1 survivors (4096K)
 Metaspace       used 136191K, committed 139328K, reserved 1179648K
  class space    used 18704K, committed 19968K, reserved 1048576K
}
Event: 49332.906 GC heap before
{Heap before GC invocations=799 (full 0):
 garbage-first heap   total 753664K, used 659720K [0x0000000604c00000, 0x0000000800000000)
  region size 4096K, 109 young (446464K), 1 survivors (4096K)
 Metaspace       used 136191K, committed 139328K, reserved 1179648K
  class space    used 18704K, committed 19968K, reserved 1048576K
}
Event: 49332.909 GC heap after
{Heap after GC invocations=800 (full 0):
 garbage-first heap   total 753664K, used 221255K [0x0000000604c00000, 0x0000000800000000)
  region size 4096K, 1 young (4096K), 1 survivors (4096K)
 Metaspace       used 136191K, committed 139328K, reserved 1179648K
  class space    used 18704K, committed 19968K, reserved 1048576K
}
Event: 49342.231 GC heap before
{Heap before GC invocations=800 (full 0):
 garbage-first heap   total 753664K, used 659527K [0x0000000604c00000, 0x0000000800000000)
  region size 4096K, 109 young (446464K), 1 survivors (4096K)
 Metaspace       used 136191K, committed 139328K, reserved 1179648K
  class space    used 18704K, committed 19968K, reserved 1048576K
}
Event: 49342.233 GC heap after
{Heap after GC invocations=801 (full 0):
 garbage-first heap   total 753664K, used 221698K [0x0000000604c00000, 0x0000000800000000)
  region size 4096K, 1 young (4096K), 1 survivors (4096K)
 Metaspace       used 136191K, committed 139328K, reserved 1179648K
  class space    used 18704K, committed 19968K, reserved 1048576K
}
Event: 49353.216 GC heap before
{Heap before GC invocations=801 (full 0):
 garbage-first heap   total 753664K, used 659970K [0x0000000604c00000, 0x0000000800000000)
  region size 4096K, 109 young (446464K), 1 survivors (4096K)
 Metaspace       used 136191K, committed 139328K, reserved 1179648K
  class space    used 18704K, committed 19968K, reserved 1048576K
}
Event: 49353.217 GC heap after
{Heap after GC invocations=802 (full 0):
 garbage-first heap   total 753664K, used 221698K [0x0000000604c00000, 0x0000000800000000)
  region size 4096K, 1 young (4096K), 1 survivors (4096K)
 Metaspace       used 136191K, committed 139328K, reserved 1179648K
  class space    used 18704K, committed 19968K, reserved 1048576K
}
Event: 49461.244 GC heap before
{Heap before GC invocations=802 (full 0):
 garbage-first heap   total 753664K, used 659970K [0x0000000604c00000, 0x0000000800000000)
  region size 4096K, 109 young (446464K), 1 survivors (4096K)
 Metaspace       used 142605K, committed 143808K, reserved 1179648K
  class space    used 19537K, committed 20096K, reserved 1048576K
}
Event: 49461.280 GC heap after
{Heap after GC invocations=803 (full 0):
 garbage-first heap   total 753664K, used 239692K [0x0000000604c00000, 0x0000000800000000)
  region size 4096K, 5 young (20480K), 5 survivors (20480K)
 Metaspace       used 142605K, committed 143808K, reserved 1179648K
  class space    used 19537K, committed 20096K, reserved 1048576K
}
Event: 49472.286 GC heap before
{Heap before GC invocations=803 (full 0):
 garbage-first heap   total 753664K, used 641100K [0x0000000604c00000, 0x0000000800000000)
  region size 4096K, 104 young (425984K), 5 survivors (20480K)
 Metaspace       used 146314K, committed 147584K, reserved 1179648K
  class space    used 20102K, committed 20672K, reserved 1048576K
}
Event: 49472.320 GC heap after
{Heap after GC invocations=804 (full 0):
 garbage-first heap   total 753664K, used 268459K [0x0000000604c00000, 0x0000000800000000)
  region size 4096K, 12 young (49152K), 12 survivors (49152K)
 Metaspace       used 146314K, committed 147584K, reserved 1179648K
  class space    used 20102K, committed 20672K, reserved 1048576K
}
Event: 49472.864 GC heap before
{Heap before GC invocations=804 (full 0):
 garbage-first heap   total 753664K, used 620715K [0x0000000604c00000, 0x0000000800000000)
  region size 4096K, 98 young (401408K), 12 survivors (49152K)
 Metaspace       used 147029K, committed 148416K, reserved 1179648K
  class space    used 20208K, committed 20864K, reserved 1048576K
}
Event: 49473.106 GC heap after
{Heap after GC invocations=805 (full 0):
 garbage-first heap   total 753664K, used 276173K [0x0000000604c00000, 0x0000000800000000)
  region size 4096K, 3 young (12288K), 3 survivors (12288K)
 Metaspace       used 147029K, committed 148416K, reserved 1179648K
  class space    used 20208K, committed 20864K, reserved 1048576K
}
Event: 49473.597 GC heap before
{Heap before GC invocations=805 (full 0):
 garbage-first heap   total 753664K, used 628429K [0x0000000604c00000, 0x0000000800000000)
  region size 4096K, 89 young (364544K), 3 survivors (12288K)
 Metaspace       used 147142K, committed 148544K, reserved 1179648K
  class space    used 20222K, committed 20864K, reserved 1048576K
}
Event: 49473.604 GC heap after
{Heap after GC invocations=806 (full 0):
 garbage-first heap   total 753664K, used 287211K [0x0000000604c00000, 0x0000000800000000)
  region size 4096K, 6 young (24576K), 6 survivors (24576K)
 Metaspace       used 147142K, committed 148544K, reserved 1179648K
  class space    used 20222K, committed 20864K, reserved 1048576K
}
Event: 49474.127 GC heap before
{Heap before GC invocations=806 (full 0):
 garbage-first heap   total 753664K, used 631275K [0x0000000604c00000, 0x0000000800000000)
  region size 4096K, 90 young (368640K), 6 survivors (24576K)
 Metaspace       used 147195K, committed 148608K, reserved 1179648K
  class space    used 20226K, committed 20864K, reserved 1048576K
}
Event: 49474.145 GC heap after
{Heap after GC invocations=807 (full 0):
 garbage-first heap   total 753664K, used 306112K [0x0000000604c00000, 0x0000000800000000)
  region size 4096K, 10 young (40960K), 10 survivors (40960K)
 Metaspace       used 147195K, committed 148608K, reserved 1179648K
  class space    used 20226K, committed 20864K, reserved 1048576K
}

Deoptimization events (20 events):
Event: 49474.650 Thread 0x0000022e268635e0 DEOPT PACKING pc=0x0000022dbd391ebc sp=0x000000ed642fd690
Event: 49474.650 Thread 0x0000022e268635e0 DEOPT UNPACKING pc=0x0000022dbd1666e3 sp=0x000000ed642fcb20 mode 1
Event: 49474.650 Thread 0x0000022e268635e0 DEOPT PACKING pc=0x0000022dbd251d44 sp=0x000000ed642fd740
Event: 49474.650 Thread 0x0000022e268635e0 DEOPT UNPACKING pc=0x0000022dbd1666e3 sp=0x000000ed642fcc90 mode 1
Event: 49474.650 Thread 0x0000022e268635e0 DEOPT PACKING pc=0x0000022dbd489bc4 sp=0x000000ed642fd860
Event: 49474.650 Thread 0x0000022e268635e0 DEOPT UNPACKING pc=0x0000022dbd1666e3 sp=0x000000ed642fcd28 mode 1
Event: 49474.650 Thread 0x0000022e268635e0 DEOPT PACKING pc=0x0000022dbf15715c sp=0x000000ed642fd2e0
Event: 49474.650 Thread 0x0000022e268635e0 DEOPT UNPACKING pc=0x0000022dbd1666e3 sp=0x000000ed642fc7a0 mode 1
Event: 49474.650 Thread 0x0000022e268635e0 DEOPT PACKING pc=0x0000022dbf159674 sp=0x000000ed642fd390
Event: 49474.650 Thread 0x0000022e268635e0 DEOPT UNPACKING pc=0x0000022dbd1666e3 sp=0x000000ed642fc8c8 mode 1
Event: 49474.650 Thread 0x0000022e268635e0 DEOPT PACKING pc=0x0000022dbf1569e4 sp=0x000000ed642fd4d0
Event: 49474.650 Thread 0x0000022e268635e0 DEOPT UNPACKING pc=0x0000022dbd1666e3 sp=0x000000ed642fc9f0 mode 1
Event: 49474.650 Thread 0x0000022e268635e0 DEOPT PACKING pc=0x0000022dbd28e2a4 sp=0x000000ed642fd5c0
Event: 49474.650 Thread 0x0000022e268635e0 DEOPT UNPACKING pc=0x0000022dbd1666e3 sp=0x000000ed642fcab0 mode 1
Event: 49474.650 Thread 0x0000022e268635e0 DEOPT PACKING pc=0x0000022dbd391ebc sp=0x000000ed642fd690
Event: 49474.650 Thread 0x0000022e268635e0 DEOPT UNPACKING pc=0x0000022dbd1666e3 sp=0x000000ed642fcb20 mode 1
Event: 49474.650 Thread 0x0000022e268635e0 DEOPT PACKING pc=0x0000022dbd251d44 sp=0x000000ed642fd740
Event: 49474.650 Thread 0x0000022e268635e0 DEOPT UNPACKING pc=0x0000022dbd1666e3 sp=0x000000ed642fcc90 mode 1
Event: 49474.650 Thread 0x0000022e268635e0 DEOPT PACKING pc=0x0000022dbd489bc4 sp=0x000000ed642fd860
Event: 49474.650 Thread 0x0000022e268635e0 DEOPT UNPACKING pc=0x0000022dbd1666e3 sp=0x000000ed642fcd28 mode 1

Classes unloaded (20 events):
Event: 49474.691 Thread 0x0000022dd5c7f720 Unloading class 0x0000022dd9353000 'jdk/internal/reflect/GeneratedMethodAccessor221'
Event: 49474.691 Thread 0x0000022dd5c7f720 Unloading class 0x0000022dd9352c00 'jdk/internal/reflect/GeneratedMethodAccessor220'
Event: 49474.691 Thread 0x0000022dd5c7f720 Unloading class 0x0000022dd9352800 'jdk/internal/reflect/GeneratedMethodAccessor219'
Event: 49474.691 Thread 0x0000022dd5c7f720 Unloading class 0x0000022dd9352400 'jdk/internal/reflect/GeneratedMethodAccessor218'
Event: 49474.691 Thread 0x0000022dd5c7f720 Unloading class 0x0000022dd9352000 'jdk/internal/reflect/GeneratedMethodAccessor217'
Event: 49474.691 Thread 0x0000022dd5c7f720 Unloading class 0x0000022dd9351c00 'jdk/internal/reflect/GeneratedMethodAccessor216'
Event: 49474.691 Thread 0x0000022dd5c7f720 Unloading class 0x0000022dd9351800 'jdk/internal/reflect/GeneratedMethodAccessor215'
Event: 49474.691 Thread 0x0000022dd5c7f720 Unloading class 0x0000022dd9351400 'jdk/internal/reflect/GeneratedMethodAccessor214'
Event: 49474.691 Thread 0x0000022dd5c7f720 Unloading class 0x0000022dd9351000 'jdk/internal/reflect/GeneratedMethodAccessor213'
Event: 49474.691 Thread 0x0000022dd5c7f720 Unloading class 0x0000022dd9350c00 'jdk/internal/reflect/GeneratedMethodAccessor212'
Event: 49474.691 Thread 0x0000022dd5c7f720 Unloading class 0x0000022dd9350800 'jdk/internal/reflect/GeneratedMethodAccessor211'
Event: 49474.691 Thread 0x0000022dd5c7f720 Unloading class 0x0000022dd9350400 'jdk/internal/reflect/GeneratedMethodAccessor210'
Event: 49474.691 Thread 0x0000022dd5c7f720 Unloading class 0x0000022dd9350000 'jdk/internal/reflect/GeneratedMethodAccessor209'
Event: 49474.691 Thread 0x0000022dd5c7f720 Unloading class 0x0000022dd934dc00 'jdk/internal/reflect/GeneratedMethodAccessor208'
Event: 49474.691 Thread 0x0000022dd5c7f720 Unloading class 0x0000022dd934d800 'jdk/internal/reflect/GeneratedMethodAccessor207'
Event: 49474.691 Thread 0x0000022dd5c7f720 Unloading class 0x0000022dd934d400 'jdk/internal/reflect/GeneratedMethodAccessor206'
Event: 49474.691 Thread 0x0000022dd5c7f720 Unloading class 0x0000022dd934d000 'jdk/internal/reflect/GeneratedMethodAccessor205'
Event: 49474.691 Thread 0x0000022dd5c7f720 Unloading class 0x0000022dd934cc00 'jdk/internal/reflect/GeneratedMethodAccessor203'
Event: 49474.691 Thread 0x0000022dd5c7f720 Unloading class 0x0000022dd934c400 'jdk/internal/reflect/GeneratedMethodAccessor204'
Event: 49474.691 Thread 0x0000022dd5c7f720 Unloading class 0x0000022dd934c800 'jdk/internal/reflect/GeneratedMethodAccessor202'

Classes redefined (0 events):
No events

Internal exceptions (20 events):
Event: 49474.628 Thread 0x0000022e268635e0 Exception <a 'sun/nio/fs/WindowsException'{0x000000062461ce80}> (0x000000062461ce80) 
thrown [s\open\src\hotspot\share\prims\jni.cpp, line 516]
Event: 49474.628 Thread 0x0000022e268635e0 Exception <a 'sun/nio/fs/WindowsException'{0x000000062461d688}> (0x000000062461d688) 
thrown [s\open\src\hotspot\share\prims\jni.cpp, line 516]
Event: 49474.628 Thread 0x0000022e268635e0 Exception <a 'sun/nio/fs/WindowsException'{0x000000062461da58}> (0x000000062461da58) 
thrown [s\open\src\hotspot\share\prims\jni.cpp, line 516]
Event: 49474.633 Thread 0x0000022e268635e0 Exception <a 'sun/nio/fs/WindowsException'{0x00000006246351f0}> (0x00000006246351f0) 
thrown [s\open\src\hotspot\share\prims\jni.cpp, line 516]
Event: 49474.633 Thread 0x0000022e268635e0 Exception <a 'sun/nio/fs/WindowsException'{0x0000000624635a50}> (0x0000000624635a50) 
thrown [s\open\src\hotspot\share\prims\jni.cpp, line 516]
Event: 49474.633 Thread 0x0000022e268635e0 Exception <a 'sun/nio/fs/WindowsException'{0x00000006246360d0}> (0x00000006246360d0) 
thrown [s\open\src\hotspot\share\prims\jni.cpp, line 516]
Event: 49474.633 Thread 0x0000022e268635e0 Exception <a 'sun/nio/fs/WindowsException'{0x0000000624638588}> (0x0000000624638588) 
thrown [s\open\src\hotspot\share\prims\jni.cpp, line 516]
Event: 49474.633 Thread 0x0000022e268635e0 Exception <a 'sun/nio/fs/WindowsException'{0x0000000624638bd8}> (0x0000000624638bd8) 
thrown [s\open\src\hotspot\share\prims\jni.cpp, line 516]
Event: 49474.635 Thread 0x0000022e268635e0 Exception <a 'sun/nio/fs/WindowsException'{0x000000062465bdd8}> (0x000000062465bdd8) 
thrown [s\open\src\hotspot\share\prims\jni.cpp, line 516]
Event: 49474.635 Thread 0x0000022e268635e0 Exception <a 'sun/nio/fs/WindowsException'{0x000000062465c5e0}> (0x000000062465c5e0) 
thrown [s\open\src\hotspot\share\prims\jni.cpp, line 516]
Event: 49474.635 Thread 0x0000022e268635e0 Exception <a 'sun/nio/fs/WindowsException'{0x000000062465cc58}> (0x000000062465cc58) 
thrown [s\open\src\hotspot\share\prims\jni.cpp, line 516]
Event: 49474.635 Thread 0x0000022e268635e0 Exception <a 'sun/nio/fs/WindowsException'{0x000000062465d588}> (0x000000062465d588) 
thrown [s\open\src\hotspot\share\prims\jni.cpp, line 516]
Event: 49474.635 Thread 0x0000022e268635e0 Exception <a 'sun/nio/fs/WindowsException'{0x000000062465dd90}> (0x000000062465dd90) 
thrown [s\open\src\hotspot\share\prims\jni.cpp, line 516]
Event: 49474.635 Thread 0x0000022e268635e0 Exception <a 'sun/nio/fs/WindowsException'{0x000000062465e408}> (0x000000062465e408) 
thrown [s\open\src\hotspot\share\prims\jni.cpp, line 516]
Event: 49474.645 Thread 0x0000022e268635e0 Exception <a 'sun/nio/fs/WindowsException'{0x0000000624144e70}> (0x0000000624144e70) 
thrown [s\open\src\hotspot\share\prims\jni.cpp, line 516]
Event: 49474.645 Thread 0x0000022e268635e0 Exception <a 'sun/nio/fs/WindowsException'{0x00000006241454f8}> (0x00000006241454f8) 
thrown [s\open\src\hotspot\share\prims\jni.cpp, line 516]
Event: 49474.645 Thread 0x0000022e268635e0 Exception <a 'sun/nio/fs/WindowsException'{0x000000062415acf0}> (0x000000062415acf0) 
thrown [s\open\src\hotspot\share\prims\jni.cpp, line 516]
Event: 49474.646 Thread 0x0000022e268635e0 Exception <a 'sun/nio/fs/WindowsException'{0x000000062415b378}> (0x000000062415b378) 
thrown [s\open\src\hotspot\share\prims\jni.cpp, line 516]
Event: 49474.650 Thread 0x0000022e268635e0 Exception <a 'sun/nio/fs/WindowsException'{0x00000006241b9c08}> (0x00000006241b9c08) 
thrown [s\open\src\hotspot\share\prims\jni.cpp, line 516]
Event: 49474.650 Thread 0x0000022e268635e0 Exception <a 'sun/nio/fs/WindowsException'{0x00000006241bb0f8}> (0x00000006241bb0f8) 
thrown [s\open\src\hotspot\share\prims\jni.cpp, line 516]

VM Operations (20 events):
Event: 49473.783 Executing VM operation: ICBufferFull done
Event: 49473.787 Executing VM operation: ICBufferFull
Event: 49473.799 Executing VM operation: ICBufferFull done
Event: 49473.810 Executing VM operation: ICBufferFull
Event: 49473.860 Executing VM operation: ICBufferFull done
Event: 49473.868 Executing VM operation: ICBufferFull
Event: 49473.886 Executing VM operation: ICBufferFull done
Event: 49473.890 Executing VM operation: ICBufferFull
Event: 49473.899 Executing VM operation: ICBufferFull done
Event: 49473.995 Executing VM operation: ICBufferFull
Event: 49474.018 Executing VM operation: ICBufferFull done
Event: 49474.019 Executing VM operation: ICBufferFull
Event: 49474.034 Executing VM operation: ICBufferFull done
Event: 49474.037 Executing VM operation: ICBufferFull
Event: 49474.066 Executing VM operation: ICBufferFull done
Event: 49474.123 Executing VM operation: G1CollectForAllocation
Event: 49474.145 Executing VM operation: G1CollectForAllocation done
Event: 49474.498 Executing VM operation: ICBufferFull
Event: 49474.498 Executing VM operation: ICBufferFull done
Event: 49474.670 Executing VM operation: G1Concurrent

Events (20 events):
Event: 49474.483 Thread 0x0000022e1ed10a10 Thread exited: 0x0000022e1ed10a10
Event: 49474.483 Thread 0x0000022e2628f710 Thread exited: 0x0000022e2628f710
Event: 49474.483 Thread 0x0000022e26a870a0 Thread exited: 0x0000022e26a870a0
Event: 49474.483 Thread 0x0000022e2115c1d0 Thread exited: 0x0000022e2115c1d0
Event: 49474.483 Thread 0x0000022e1e8e4700 Thread exited: 0x0000022e1e8e4700
Event: 49474.483 Thread 0x0000022e1e423fb0 Thread exited: 0x0000022e1e423fb0
Event: 49474.483 Thread 0x0000022e26e1e150 Thread exited: 0x0000022e26e1e150
Event: 49474.483 Thread 0x0000022e26e1d2e0 Thread exited: 0x0000022e26e1d2e0
Event: 49474.483 Thread 0x0000022e2152ec00 Thread exited: 0x0000022e2152ec00
Event: 49474.483 Thread 0x0000022e1f30e3f0 Thread exited: 0x0000022e1f30e3f0
Event: 49474.483 Thread 0x0000022e2139b890 Thread exited: 0x0000022e2139b890
Event: 49474.483 Thread 0x0000022e262900b0 Thread exited: 0x0000022e262900b0
Event: 49474.483 Thread 0x0000022e1e9f1fb0 Thread exited: 0x0000022e1e9f1fb0
Event: 49474.483 Thread 0x0000022e1f310a70 Thread exited: 0x0000022e1f310a70
Event: 49474.483 Thread 0x0000022e212b1340 Thread exited: 0x0000022e212b1340
Event: 49474.483 Thread 0x0000022e212e7160 Thread exited: 0x0000022e212e7160
Event: 49474.483 Thread 0x0000022e203e8a30 Thread exited: 0x0000022e203e8a30
Event: 49474.483 Thread 0x0000022e1e9f2e20 Thread exited: 0x0000022e1e9f2e20
Event: 49474.483 Thread 0x0000022e26e1eaf0 Thread exited: 0x0000022e26e1eaf0
Event: 49474.530 Thread 0x0000022e268635e0 Thread added: 0x0000022e268635e0


Dynamic libraries:
0x00007ff706d10000 - 0x00007ff706d20000 	C:\Program Files\Java\jdk-17\bin\java.EXE
0x00007ff8a65f0000 - 0x00007ff8a67e7000 	C:\Windows\SYSTEM32\ntdll.dll
0x00007ff8a5fd0000 - 0x00007ff8a608d000 	C:\Windows\System32\KERNEL32.DLL
0x00007ff8a4150000 - 0x00007ff8a4446000 	C:\Windows\System32\KERNELBASE.dll
0x00007ff8a4550000 - 0x00007ff8a4650000 	C:\Windows\System32\ucrtbase.dll
0x00007ff86de00000 - 0x00007ff86de19000 	C:\Program Files\Java\jdk-17\bin\jli.dll
0x00007ff86d5a0000 - 0x00007ff86d5bb000 	C:\Program Files\Java\jdk-17\bin\VCRUNTIME140.dll
0x00007ff8a5830000 - 0x00007ff8a58de000 	C:\Windows\System32\ADVAPI32.dll
0x00007ff8a49b0000 - 0x00007ff8a4a4e000 	C:\Windows\System32\msvcrt.dll
0x00007ff8a4c60000 - 0x00007ff8a4cfc000 	C:\Windows\System32\sechost.dll
0x00007ff8a6420000 - 0x00007ff8a6546000 	C:\Windows\System32\RPCRT4.dll
0x00007ff8a4ac0000 - 0x00007ff8a4c5e000 	C:\Windows\System32\USER32.dll
0x00007ff889000000 - 0x00007ff88929a000 	C:\Windows\WinSxS\amd64_microsoft.windows.common-controls_6595b64144ccf1df_6.0.19041.3570_none_60bb2a3971f3e41a\COMCTL32.dll
0x00007ff8a3ea0000 - 0x00007ff8a3ec2000 	C:\Windows\System32\win32u.dll
0x00007ff8a4a60000 - 0x00007ff8a4a8c000 	C:\Windows\System32\GDI32.dll
0x00007ff8a3d80000 - 0x00007ff8a3e9a000 	C:\Windows\System32\gdi32full.dll
0x00007ff89e080000 - 0x00007ff89e08a000 	C:\Windows\SYSTEM32\VERSION.dll
0x00007ff8a3ed0000 - 0x00007ff8a3f6d000 	C:\Windows\System32\msvcp_win.dll
0x00007ff8a56d0000 - 0x00007ff8a5700000 	C:\Windows\System32\IMM32.DLL
0x0000022db57c0000 - 0x0000022db57d4000 	C:\Windows\System32\umppc17605.dll
0x00007ff8a3770000 - 0x00007ff8a38f2000 	C:\Program Files\Avecto\Privilege Guard Client\PGHook.dll
0x00007ff89a150000 - 0x00007ff89a15c000 	C:\Program Files\Java\jdk-17\bin\vcruntime140_1.dll
0x00007ff826900000 - 0x00007ff82698e000 	C:\Program Files\Java\jdk-17\bin\msvcp140.dll
0x00007ff80bc90000 - 0x00007ff80c86e000 	C:\Program Files\Java\jdk-17\bin\server\jvm.dll
0x00007ff8a4ab0000 - 0x00007ff8a4ab8000 	C:\Windows\System32\PSAPI.DLL
0x00007ff87b050000 - 0x00007ff87b059000 	C:\Windows\SYSTEM32\WSOCK32.dll
0x00007ff8a4d00000 - 0x00007ff8a4d6b000 	C:\Windows\System32\WS2_32.dll
0x00007ff8887a0000 - 0x00007ff8887c7000 	C:\Windows\SYSTEM32\WINMM.dll
0x00007ff8a2460000 - 0x00007ff8a2472000 	C:\Windows\SYSTEM32\kernel.appcore.dll
0x00007ff8984a0000 - 0x00007ff8984aa000 	C:\Program Files\Java\jdk-17\bin\jimage.dll
0x00007ff8a1d10000 - 0x00007ff8a1ef4000 	C:\Windows\SYSTEM32\DBGHELP.DLL
0x00007ff87d810000 - 0x00007ff87d844000 	C:\Windows\SYSTEM32\dbgcore.DLL
0x00007ff8a4450000 - 0x00007ff8a44d2000 	C:\Windows\System32\bcryptPrimitives.dll
0x00007ff89e180000 - 0x00007ff89e18e000 	C:\Program Files\Java\jdk-17\bin\instrument.dll
0x00007ff869120000 - 0x00007ff869145000 	C:\Program Files\Java\jdk-17\bin\java.dll
0x00007ff86efa0000 - 0x00007ff86efdb000 	C:\Program Files\Java\jdk-17\bin\jdwp.dll
0x00007ff810bd0000 - 0x00007ff810ca7000 	C:\Program Files\Java\jdk-17\bin\jsvml.dll
0x00007ff8a4d70000 - 0x00007ff8a54b4000 	C:\Windows\System32\SHELL32.dll
0x00007ff8a14a0000 - 0x00007ff8a1c3b000 	C:\Windows\SYSTEM32\windows.storage.dll
0x00007ff8a4650000 - 0x00007ff8a49a4000 	C:\Windows\System32\combase.dll
0x00007ff8a33d0000 - 0x00007ff8a33fd000 	C:\Windows\SYSTEM32\Wldp.dll
0x00007ff8a5ea0000 - 0x00007ff8a5f4d000 	C:\Windows\System32\SHCORE.dll
0x00007ff8a6550000 - 0x00007ff8a65a5000 	C:\Windows\System32\shlwapi.dll
0x00007ff8a3c00000 - 0x00007ff8a3c25000 	C:\Windows\SYSTEM32\profapi.dll
0x00007ff8690a0000 - 0x00007ff8690b8000 	C:\Program Files\Java\jdk-17\bin\zip.dll
0x00007ff86c5d0000 - 0x00007ff86c5e9000 	C:\Program Files\Java\jdk-17\bin\net.dll
0x00007ff8a2a60000 - 0x00007ff8a2b6a000 	C:\Windows\SYSTEM32\WINHTTP.dll
0x00007ff8a31b0000 - 0x00007ff8a321a000 	C:\Windows\system32\mswsock.dll
0x00007ff8690c0000 - 0x00007ff8690d6000 	C:\Program Files\Java\jdk-17\bin\nio.dll
0x00007ff89e010000 - 0x00007ff89e01c000 	C:\Program Files\Java\jdk-17\bin\dt_socket.dll
0x00007ff8a2ec0000 - 0x00007ff8a2efb000 	C:\Windows\SYSTEM32\IPHLPAPI.DLL
0x00007ff8a2f00000 - 0x00007ff8a2fca000 	C:\Windows\SYSTEM32\DNSAPI.dll
0x00007ff8a4a50000 - 0x00007ff8a4a58000 	C:\Windows\System32\NSI.dll
0x00007ff898ff0000 - 0x00007ff898ffa000 	C:\Windows\System32\rasadhlp.dll
0x00007ff89b060000 - 0x00007ff89b0e2000 	C:\Windows\System32\fwpuclnt.dll
0x00007ff8a40d0000 - 0x00007ff8a40f7000 	C:\Windows\System32\bcrypt.dll
0x00007ff86c6d0000 - 0x00007ff86c6e0000 	C:\Program Files\Java\jdk-17\bin\verify.dll
0x00007ff89afd0000 - 0x00007ff89afda000 	C:\Program Files\Java\jdk-17\bin\management.dll
0x00007ff898500000 - 0x00007ff89850b000 	C:\Program Files\Java\jdk-17\bin\management_ext.dll
0x00007ff8a3970000 - 0x00007ff8a3988000 	C:\Windows\SYSTEM32\CRYPTSP.dll
0x00007ff8a29d0000 - 0x00007ff8a2a04000 	C:\Windows\system32\rsaenh.dll
0x00007ff8a3bc0000 - 0x00007ff8a3bee000 	C:\Windows\SYSTEM32\USERENV.dll
0x00007ff8a3340000 - 0x00007ff8a334c000 	C:\Windows\SYSTEM32\CRYPTBASE.dll
0x00007ff89a110000 - 0x00007ff89a127000 	C:\Windows\SYSTEM32\dhcpcsvc6.DLL
0x00007ff89a2c0000 - 0x00007ff89a2dd000 	C:\Windows\SYSTEM32\dhcpcsvc.DLL
0x00007ff882210000 - 0x00007ff88221a000 	D:\apache-maven-3.8.5\lib\jansi-native\jansi-64-12886088197713100322.dll
0x00007ff89a1b0000 - 0x00007ff89a1be000 	C:\Program Files\Java\jdk-17\bin\sunmscapi.dll
0x00007ff8a3f70000 - 0x00007ff8a40cd000 	C:\Windows\System32\CRYPT32.dll
0x00007ff8a3440000 - 0x00007ff8a3467000 	C:\Windows\SYSTEM32\ncrypt.dll
0x00007ff8a3400000 - 0x00007ff8a343b000 	C:\Windows\SYSTEM32\NTASN1.dll
0x00007ff87a790000 - 0x00007ff87a797000 	C:\Windows\system32\wshunix.dll
0x00007ff887a00000 - 0x00007ff887a17000 	C:\Windows\system32\napinsp.dll
0x00007ff887a20000 - 0x00007ff887a3b000 	C:\Windows\system32\pnrpnsp.dll
0x00007ff896790000 - 0x00007ff8967a5000 	C:\Windows\system32\wshbth.dll
0x00007ff89c100000 - 0x00007ff89c11d000 	C:\Windows\system32\NLAapi.dll
0x00007ff887b90000 - 0x00007ff887ba2000 	C:\Windows\System32\winrnr.dll

dbghelp: loaded successfully - version: 4.0.5 - missing functions: none
symbol engine: initialized successfully - sym options: 0x614 - pdb path: .;C:\Program Files\Java\jdk-17\bin;C:\Windows\SYSTEM32;C:\Windows\WinSxS\amd64_microsoft.windows.common-controls_6595b64144ccf1df_6.0.19041.3570_none_60bb2a3971f3e41a;C:\Program Files\Avecto\Privilege Guard Client;C:\Program Files\Java\jdk-17\bin\server;D:\apache-maven-3.8.5\lib\jansi-native

VM Arguments:
jvm_args: -Dio.quarkus.force-color-support=true -Dquarkus-internal.serialized-app-model.path=D:\payhub-orchestrator_21Aug_2023_wf_MY2SG_UC2\target\quarkus\bootstrap\dev-app-model.dat -javaagent:D:\m3\io\quarkus\quarkus-class-change-agent\2.16.5.Final\quarkus-class-change-agent-2.16.5.Final.jar -XX:TieredStopAtLevel=1 -agentlib:jdwp=transport=dt_socket,address=localhost:5005,server=y,suspend=n -Djava.util.logging.manager=org.jboss.logmanager.LogManager 
java_command: D:\payhub-orchestrator_21Aug_2023_wf_MY2SG_UC2\target\payhub-orchestrator-dev.jar
java_class_path (initial): D:\payhub-orchestrator_21Aug_2023_wf_MY2SG_UC2\target\payhub-orchestrator-dev.jar
Launcher Type: SUN_STANDARD

[Global flags]
     intx CICompilerCount                          = 4                                         {product} {ergonomic}
     uint ConcGCThreads                            = 2                                         {product} {ergonomic}
     uint G1ConcRefinementThreads                  = 8                                         {product} {ergonomic}
   size_t G1HeapRegionSize                         = 4194304                                   {product} {ergonomic}
    uintx GCDrainStackTargetSize                   = 64                                        {product} {ergonomic}
   size_t InitialHeapSize                          = 532676608                                 {product} {ergonomic}
   size_t MarkStackSize                            = 4194304                                   {product} {ergonomic}
   size_t MaxHeapSize                              = 8510242816                                {product} {ergonomic}
   size_t MaxNewSize                               = 5104467968                                {product} {ergonomic}
   size_t MinHeapDeltaBytes                        = 4194304                                   {product} {ergonomic}
   size_t MinHeapSize                              = 8388608                                   {product} {ergonomic}
    uintx NonProfiledCodeHeapSize                  = 0                                      {pd product} {ergonomic}
     bool ProfileInterpreter                       = false                                  {pd product} {command line}
    uintx ProfiledCodeHeapSize                     = 0                                      {pd product} {ergonomic}
   size_t SoftMaxHeapSize                          = 8510242816                             {manageable} {ergonomic}
     intx TieredStopAtLevel                        = 1                                         {product} {command line}
     bool UseCompressedClassPointers               = true                           {product lp64_product} {ergonomic}
     bool UseCompressedOops                        = true                           {product lp64_product} {ergonomic}
     bool UseG1GC                                  = true                                      {product} {ergonomic}
     bool UseLargePagesIndividualAllocation        = false                                  {pd product} {ergonomic}

Logging:
Log output configuration:
 #0: stdout all=warning uptime,level,tags
 #1: stderr all=off uptime,level,tags

Environment Variables:
JAVA_HOME=C:\Program Files\Java\jdk-17
PATH=C:\Program Files\Common Files\Oracle\Java\javapath;C:\Windows\system32;C:\Windows;C:\Windows\System32\Wbem;C:\Windows\System32\WindowsPowerShell\v1.0\;C:\Windows\System32\OpenSSH\;C:\Program Files\PuTTY\;D:\apache-maven-3.8.5\bin;C:\Program Files\Kubernetes\Minikube;D:\docker\docker;C:\Program Files\RedHat\Podman\;C:\Program Files\Docker\Docker\resources\bin;C:\Users\d0105933\AppData\Roaming\nvm;C:\Program Files\nodejs;C:\Users\d0105933\AppData\Local\Programs\Python\Python312\Scripts\;C:\Users\d0105933\AppData\Local\Programs\Python\Python312\;C:\Users\d0105933\AppData\Local\Programs\Python\Launcher\;C:\Users\d0105933\AppData\Local\Microsoft\WindowsApps;D:\apache-maven-3.8.5\bin;C:\Users\d0105933\AppData\Local\Programs\Git\cmd;C:\helm\windows-amd64;D:\docker\docker;C:\Users\d0105933\AppData\Roaming\nvm;C:\Program Files\nodejs;
USERNAME=d0105933
OS=Windows_NT
PROCESSOR_IDENTIFIER=Intel64 Family 6 Model 140 Stepping 1, GenuineIntel



---------------  S Y S T E M  ---------------

OS:
 Windows 10 , 64 bit Build 19041 (10.0.19041.3570)
OS uptime: 4 days 7:50 hours
Hyper-V role detected

CPU: total 8 (initial active 8) (4 cores per cpu, 2 threads per core) family 6 model 140 stepping 1 microcode 0xa6, cx8, cmov, fxsr, ht, mmx, 3dnowpref, sse, sse2, sse3, ssse3, sse4.1, sse4.2, popcnt, lzcnt, tsc, tscinvbit, avx, avx2, aes, erms, clmul, bmi1, bmi2, adx, avx512f, avx512dq, avx512cd, avx512bw, avx512vl, sha, fma, vzeroupper, avx512_vpopcntdq, avx512_vpclmulqdq, avx512_vaes, avx512_vnni, clflush, clflushopt, clwb, avx512_vbmi2, avx512_vbmi, hv

Memory: 4k page, system-wide physical 32448M (299M free)
TotalPageFile size 62906M (AvailPageFile size 71M)
current process WorkingSet (physical memory assigned to process): 1008M, peak: 1119M
current process commit charge ("private bytes"): 1171M, peak: 1319M

vm_info: Java HotSpot(TM) 64-Bit Server VM (17.0.8+9-LTS-211) for windows-amd64 JRE (17.0.8+9-LTS-211), built on Jun 14 2023 10:34:31 by "mach5one" with MS VC++ 17.1 (VS2022)

END.
